<?xml version="1.0" encoding="UTF-8" standalone="no"?>
<!DOCTYPE log SYSTEM "logger.dtd">
<log>
<record>
  <date>2018-09-13T14:06:03.623-0300</date>
  <logger>MATHEUS LISBOA OLIVEIRA DOS SANTOS</logger>
  <level>FINE</level>
  <message>File 117210712-MATHEUS LISBOA OLIVEIRA DOS SANTOS.zip was received. It was sent by MATHEUS LISBOA OLIVEIRA DOS SANTOS from IP 150.165.42.199</message>
</record>
</log>
<?xml version="1.0" encoding="UTF-8" standalone="no"?>
<!DOCTYPE log SYSTEM "logger.dtd">
<log>
<record>
  <date>2018-09-13T15:20:47.564-0300</date>
  <logger>MATHEUS LISBOA OLIVEIRA DOS SANTOS</logger>
  <level>FINE</level>
  <message>File 117210712-MATHEUS LISBOA OLIVEIRA DOS SANTOS.zip was received. It was sent by MATHEUS LISBOA OLIVEIRA DOS SANTOS from IP 150.165.42.199</message>
</record>
</log>
<?xml version="1.0" encoding="UTF-8" standalone="no"?>
<!DOCTYPE log SYSTEM "logger.dtd">
<log>
<record>
  <date>2018-09-13T15:47:08.802-0300</date>
  <logger>MATHEUS LISBOA OLIVEIRA DOS SANTOS</logger>
  <level>FINE</level>
  <message>File 117210712-MATHEUS LISBOA OLIVEIRA DOS SANTOS.zip was received. It was sent by MATHEUS LISBOA OLIVEIRA DOS SANTOS from IP 150.165.42.199</message>
</record>
