<?xml version="1.0" encoding="UTF-8" standalone="no"?>
<!DOCTYPE log SYSTEM "logger.dtd">
<log>
<record>
  <date>2018-11-29T15:47:12.678-0300</date>
  <logger>MATHEUS LISBOA OLIVEIRA DOS SANTOS</logger>
  <level>FINE</level>
  <message>File 117210712-MATHEUS LISBOA OLIVEIRA DOS SANTOS.zip was received. It was sent by MATHEUS LISBOA OLIVEIRA DOS SANTOS from IP 150.165.42.163</message>
</record>
</log>
<?xml version="1.0" encoding="UTF-8" standalone="no"?>
<!DOCTYPE log SYSTEM "logger.dtd">
<log>
<record>
  <date>2018-11-29T15:50:31.106-0300</date>
  <logger>MATHEUS LISBOA OLIVEIRA DOS SANTOS</logger>
  <level>FINE</level>
  <message>File 117210712-MATHEUS LISBOA OLIVEIRA DOS SANTOS.zip was received. It was sent by MATHEUS LISBOA OLIVEIRA DOS SANTOS from IP 150.165.42.163</message>
</record>
</log>
<?xml version="1.0" encoding="UTF-8" standalone="no"?>
<!DOCTYPE log SYSTEM "logger.dtd">
<log>
<record>
  <date>2018-11-29T15:50:57.638-0300</date>
  <logger>MATHEUS LISBOA OLIVEIRA DOS SANTOS</logger>
  <level>FINE</level>
  <message>File 117210712-MATHEUS LISBOA OLIVEIRA DOS SANTOS.zip was received. It was sent by MATHEUS LISBOA OLIVEIRA DOS SANTOS from IP 150.165.42.163</message>
</record>
