<?xml version="1.0" encoding="UTF-8" standalone="no"?>
<!DOCTYPE log SYSTEM "logger.dtd">
<log>
<record>
  <date>2018-09-20T14:04:02.334-0300</date>
  <logger>MATHEUS LISBOA OLIVEIRA DOS SANTOS</logger>
  <level>FINE</level>
  <message>File 117210712-MATHEUS LISBOA OLIVEIRA DOS SANTOS.zip was received. It was sent by MATHEUS LISBOA OLIVEIRA DOS SANTOS from IP 150.165.42.183</message>
</record>
</log>
<?xml version="1.0" encoding="UTF-8" standalone="no"?>
<!DOCTYPE log SYSTEM "logger.dtd">
<log>
<record>
  <date>2018-09-20T15:53:10.084-0300</date>
  <logger>MATHEUS LISBOA OLIVEIRA DOS SANTOS</logger>
  <level>FINE</level>
  <message>File 117210712-MATHEUS LISBOA OLIVEIRA DOS SANTOS.zip was received. It was sent by MATHEUS LISBOA OLIVEIRA DOS SANTOS from IP 150.165.42.183</message>
</record>
</log>
<?xml version="1.0" encoding="UTF-8" standalone="no"?>
<!DOCTYPE log SYSTEM "logger.dtd">
<log>
<record>
  <date>2018-09-20T15:53:57.283-0300</date>
  <logger>MATHEUS LISBOA OLIVEIRA DOS SANTOS</logger>
  <level>FINE</level>
  <message>File 117210712-MATHEUS LISBOA OLIVEIRA DOS SANTOS.zip was received. It was sent by MATHEUS LISBOA OLIVEIRA DOS SANTOS from IP 150.165.42.183</message>
</record>
