<?xml version="1.0" encoding="UTF-8" standalone="no"?>
<!DOCTYPE log SYSTEM "logger.dtd">
<log>
<record>
  <date>2018-09-17T16:06:47.217-0300</date>
  <logger>MATHEUS LISBOA OLIVEIRA DOS SANTOS</logger>
  <level>FINE</level>
  <message>File 117210712-MATHEUS LISBOA OLIVEIRA DOS SANTOS.zip was received. It was sent by MATHEUS LISBOA OLIVEIRA DOS SANTOS from IP 150.165.42.216</message>
</record>
</log>
<?xml version="1.0" encoding="UTF-8" standalone="no"?>
<!DOCTYPE log SYSTEM "logger.dtd">
<log>
<record>
  <date>2018-09-17T17:06:32.098-0300</date>
  <logger>MATHEUS LISBOA OLIVEIRA DOS SANTOS</logger>
  <level>FINE</level>
  <message>File 117210712-MATHEUS LISBOA OLIVEIRA DOS SANTOS.zip was received. It was sent by MATHEUS LISBOA OLIVEIRA DOS SANTOS from IP 150.165.42.216</message>
</record>
</log>
<?xml version="1.0" encoding="UTF-8" standalone="no"?>
<!DOCTYPE log SYSTEM "logger.dtd">
<log>
<record>
  <date>2018-09-17T17:08:17.391-0300</date>
  <logger>MATHEUS LISBOA OLIVEIRA DOS SANTOS</logger>
  <level>FINE</level>
  <message>File 117210712-MATHEUS LISBOA OLIVEIRA DOS SANTOS.zip was received. It was sent by MATHEUS LISBOA OLIVEIRA DOS SANTOS from IP 150.165.42.216</message>
</record>
</log>
<?xml version="1.0" encoding="UTF-8" standalone="no"?>
<!DOCTYPE log SYSTEM "logger.dtd">
<log>
<record>
  <date>2018-09-17T17:09:06.527-0300</date>
  <logger>MATHEUS LISBOA OLIVEIRA DOS SANTOS</logger>
  <level>FINE</level>
  <message>File 117210712-MATHEUS LISBOA OLIVEIRA DOS SANTOS.zip was received. It was sent by MATHEUS LISBOA OLIVEIRA DOS SANTOS from IP 150.165.42.216</message>
</record>
</log>
<?xml version="1.0" encoding="UTF-8" standalone="no"?>
<!DOCTYPE log SYSTEM "logger.dtd">
<log>
<record>
  <date>2018-09-17T17:24:07.630-0300</date>
  <logger>MATHEUS LISBOA OLIVEIRA DOS SANTOS</logger>
  <level>FINE</level>
  <message>File 117210712-MATHEUS LISBOA OLIVEIRA DOS SANTOS.zip was received. It was sent by MATHEUS LISBOA OLIVEIRA DOS SANTOS from IP 150.165.42.216</message>
</record>
</log>
<?xml version="1.0" encoding="UTF-8" standalone="no"?>
<!DOCTYPE log SYSTEM "logger.dtd">
<log>
<record>
  <date>2018-09-17T17:26:50.631-0300</date>
  <logger>MATHEUS LISBOA OLIVEIRA DOS SANTOS</logger>
  <level>FINE</level>
  <message>File 117210712-MATHEUS LISBOA OLIVEIRA DOS SANTOS.zip was received. It was sent by MATHEUS LISBOA OLIVEIRA DOS SANTOS from IP 150.165.42.216</message>
</record>
</log>
<?xml version="1.0" encoding="UTF-8" standalone="no"?>
<!DOCTYPE log SYSTEM "logger.dtd">
<log>
<record>
  <date>2018-09-17T17:29:49.441-0300</date>
  <logger>MATHEUS LISBOA OLIVEIRA DOS SANTOS</logger>
  <level>FINE</level>
  <message>File 117210712-MATHEUS LISBOA OLIVEIRA DOS SANTOS.zip was received. It was sent by MATHEUS LISBOA OLIVEIRA DOS SANTOS from IP 150.165.42.216</message>
</record>
</log>
<?xml version="1.0" encoding="UTF-8" standalone="no"?>
<!DOCTYPE log SYSTEM "logger.dtd">
<log>
<record>
  <date>2018-09-17T17:49:39.806-0300</date>
  <logger>MATHEUS LISBOA OLIVEIRA DOS SANTOS</logger>
  <level>FINE</level>
  <message>File 117210712-MATHEUS LISBOA OLIVEIRA DOS SANTOS.zip was received. It was sent by MATHEUS LISBOA OLIVEIRA DOS SANTOS from IP 150.165.42.216</message>
</record>
